[2020-09-17 22:07:15.876] [restartedMain] [INFO] com.gao.channelweb.ChannelWebApplication:50
        x:() - Starting ChannelWebApplication on gyk with PID 11632 (D:\ant-web\channel-web\target\classes started by gyk in D:\ant-web)
[2020-09-17 22:07:15.876] [restartedMain] [INFO] com.gao.channelweb.ChannelWebApplication:679
        x:() - The following profiles are active: dev
[2020-09-17 22:07:15.923] [restartedMain] [INFO] org.springframework.boot.devtools.env.DevToolsPropertyDefaultsPostProcessor:227
        x:() - Devtools property defaults active! Set 'spring.devtools.add-properties' to 'false' to disable
[2020-09-17 22:07:15.923] [restartedMain] [INFO] org.springframework.boot.devtools.env.DevToolsPropertyDefaultsPostProcessor:227
        x:() - For additional web related logging consider setting the 'logging.level.web' property to 'DEBUG'
[2020-09-17 22:07:17.204] [restartedMain] [INFO] org.springframework.boot.web.embedded.tomcat.TomcatWebServer:90
        x:() - Tomcat initialized with port(s): 8082 (http)
[2020-09-17 22:07:17.219] [restartedMain] [INFO] org.apache.coyote.http11.Http11NioProtocol:173
        x:() - Initializing ProtocolHandler ["http-nio-8082"]
[2020-09-17 22:07:17.219] [restartedMain] [INFO] org.apache.catalina.core.StandardService:173
        x:() - Starting service [Tomcat]
[2020-09-17 22:07:17.219] [restartedMain] [INFO] org.apache.catalina.core.StandardEngine:173
        x:() - Starting Servlet engine: [Apache Tomcat/9.0.16]
[2020-09-17 22:07:17.235] [restartedMain] [INFO] org.apache.catalina.core.AprLifecycleListener:173
        x:() - The APR based Apache Tomcat Native library which allows optimal performance in production environments was not found on the java.library.path: [F:\soft\JDK8_64\bin;C:\Windows\Sun\Java\bin;C:\Windows\system32;C:\Windows;C:\Windows\system32;C:\Windows;C:\Windows\System32\Wbem;C:\Windows\System32\WindowsPowerShell\v1.0\;C:\Windows\System32\OpenSSH\;C:\Program Files (x86)\NVIDIA Corporation\PhysX\Common;F:\soft\apache-maven-3.5.3\bin;E:\Program Files\Git\cmd;E:\Program Files\nodejs\;E:\Program Files\nodejs;E:\Program Files\MySQL\MySQL Server 8.0\bin;F:\soft\JDK8_64\bin;C:\Users\gyk\AppData\Local\Microsoft\WindowsApps;C:\Users\gyk\AppData\Roaming\npm;.]
[2020-09-17 22:07:17.329] [restartedMain] [INFO] org.apache.catalina.core.ContainerBase.[Tomcat].[localhost].[/]:173
        x:() - Initializing Spring embedded WebApplicationContext
[2020-09-17 22:07:17.344] [restartedMain] [INFO] org.springframework.web.context.ContextLoader:296
        x:() - Root WebApplicationContext: initialization completed in 1421 ms
[2020-09-17 22:07:17.375] [restartedMain] [INFO] org.springframework.boot.web.servlet.RegistrationBean:111
        x:() - Servlet statViewServlet was not registered (possibly already registered?)
[2020-09-17 22:07:17.422] [restartedMain] [INFO] com.alibaba.druid.spring.boot.autoconfigure.DruidDataSourceAutoConfigure:56
        x:() - Init DruidDataSource
[2020-09-17 22:07:17.594] [restartedMain] [INFO] com.alibaba.druid.pool.DruidDataSource:106
        x:() - {dataSource-1} inited
[2020-09-17 22:07:17.985] [restartedMain] [INFO] org.springframework.scheduling.concurrent.ThreadPoolTaskExecutor:171
        x:() - Initializing ExecutorService 'applicationTaskExecutor'
[2020-09-17 22:07:18.110] [restartedMain] [INFO] org.springframework.boot.autoconfigure.web.servlet.WelcomePageHandlerMapping:61
        x:() - Adding welcome page template: index
[2020-09-17 22:07:18.438] [restartedMain] [INFO] org.quartz.impl.StdSchedulerFactory:1172
        x:() - Using default implementation for ThreadExecutor
[2020-09-17 22:07:18.453] [restartedMain] [INFO] org.quartz.core.SchedulerSignalerImpl:61
        x:() - Initialized Scheduler Signaller of type: class org.quartz.core.SchedulerSignalerImpl
[2020-09-17 22:07:18.453] [restartedMain] [INFO] org.quartz.core.QuartzScheduler:240
        x:() - Quartz Scheduler v.2.2.3 created.
[2020-09-17 22:07:18.453] [restartedMain] [INFO] org.quartz.simpl.RAMJobStore:155
        x:() - RAMJobStore initialized.
[2020-09-17 22:07:18.453] [restartedMain] [INFO] org.quartz.core.QuartzScheduler:305
        x:() - Scheduler meta-data: Quartz Scheduler (v2.2.3) 'quartzScheduler' with instanceId 'NON_CLUSTERED'
  Scheduler class: 'org.quartz.core.QuartzScheduler' - running locally.
  NOT STARTED.
  Currently in standby mode.
  Number of jobs executed: 0
  Using thread pool 'org.quartz.simpl.SimpleThreadPool' - with 10 threads.
  Using job-store 'org.quartz.simpl.RAMJobStore' - which does not support persistence. and is not clustered.

[2020-09-17 22:07:18.453] [restartedMain] [INFO] org.quartz.impl.StdSchedulerFactory:1327
        x:() - Quartz scheduler 'quartzScheduler' initialized from an externally provided properties instance.
[2020-09-17 22:07:18.453] [restartedMain] [INFO] org.quartz.impl.StdSchedulerFactory:1331
        x:() - Quartz scheduler version: 2.2.3
[2020-09-17 22:07:18.453] [restartedMain] [INFO] org.quartz.core.QuartzScheduler:2311
        x:() - JobFactory set to: org.springframework.scheduling.quartz.SpringBeanJobFactory@4c2378a
[2020-09-17 22:07:18.453] [restartedMain] [INFO] org.springframework.scheduling.concurrent.ThreadPoolTaskScheduler:171
        x:() - Initializing ExecutorService 'taskScheduler'
[2020-09-17 22:07:18.516] [restartedMain] [INFO] org.springframework.boot.devtools.autoconfigure.OptionalLiveReloadServer:57
        x:() - LiveReload server is running on port 35729
[2020-09-17 22:07:18.547] [restartedMain] [INFO] org.springframework.scheduling.quartz.SchedulerFactoryBean:726
        x:() - Starting Quartz Scheduler now
[2020-09-17 22:07:18.547] [restartedMain] [INFO] org.quartz.core.QuartzScheduler:575
        x:() - Scheduler quartzScheduler_$_NON_CLUSTERED started.
[2020-09-17 22:07:18.547] [restartedMain] [INFO] org.apache.coyote.http11.Http11NioProtocol:173
        x:() - Starting ProtocolHandler ["http-nio-8082"]
[2020-09-17 22:07:18.578] [restartedMain] [INFO] org.springframework.boot.web.embedded.tomcat.TomcatWebServer:204
        x:() - Tomcat started on port(s): 8082 (http) with context path ''
[2020-09-17 22:07:18.578] [restartedMain] [INFO] com.gao.channelweb.ChannelWebApplication:59
        x:() - Started ChannelWebApplication in 3.062 seconds (JVM running for 5.102)
[2020-09-17 22:07:35.476] [http-nio-8082-exec-1] [INFO] org.apache.catalina.core.ContainerBase.[Tomcat].[localhost].[/]:173
        x:() - Initializing Spring DispatcherServlet 'dispatcherServlet'
[2020-09-17 22:07:35.477] [http-nio-8082-exec-1] [INFO] org.springframework.web.servlet.DispatcherServlet:524
        x:() - Initializing Servlet 'dispatcherServlet'
[2020-09-17 22:07:35.484] [http-nio-8082-exec-1] [INFO] org.springframework.web.servlet.DispatcherServlet:546
        x:() - Completed initialization in 7 ms
[2020-09-17 22:07:38.768] [http-nio-8082-exec-5] [INFO] com.gao.channelcore.business.service.UserService:61
        x:() - get token use time:34
[2020-09-17 22:10:15.131] [http-nio-8082-exec-6] [INFO] com.gao.channelcore.business.service.UserService:61
        x:() - get token use time:2
[2020-09-17 22:16:13.507] [Thread-14] [INFO] org.quartz.core.QuartzScheduler:613
        x:() - Scheduler quartzScheduler_$_NON_CLUSTERED paused.
[2020-09-17 22:16:13.507] [Thread-14] [INFO] org.springframework.scheduling.concurrent.ThreadPoolTaskScheduler:208
        x:() - Shutting down ExecutorService 'taskScheduler'
[2020-09-17 22:16:13.507] [Thread-14] [INFO] org.springframework.scheduling.quartz.SchedulerFactoryBean:844
        x:() - Shutting down Quartz Scheduler
[2020-09-17 22:16:13.507] [Thread-14] [INFO] org.quartz.core.QuartzScheduler:694
        x:() - Scheduler quartzScheduler_$_NON_CLUSTERED shutting down.
[2020-09-17 22:16:13.507] [Thread-14] [INFO] org.quartz.core.QuartzScheduler:613
        x:() - Scheduler quartzScheduler_$_NON_CLUSTERED paused.
[2020-09-17 22:16:13.507] [Thread-14] [INFO] org.quartz.core.QuartzScheduler:771
        x:() - Scheduler quartzScheduler_$_NON_CLUSTERED shutdown complete.
[2020-09-17 22:16:13.507] [Thread-14] [INFO] org.springframework.scheduling.concurrent.ThreadPoolTaskExecutor:208
        x:() - Shutting down ExecutorService 'applicationTaskExecutor'
[2020-09-17 22:16:13.523] [Thread-14] [INFO] com.alibaba.druid.pool.DruidDataSource:106
        x:() - {dataSource-1} closed
