[2020-03-30 22:05:50.823] [restartedMain] [INFO] com.gao.channelweb.ChannelWebApplication:50
        x:() - Starting ChannelWebApplication on gyk with PID 2144 (D:\ant-web\channel-web\target\classes started by gyk in D:\ant-web)
[2020-03-30 22:05:50.825] [restartedMain] [INFO] com.gao.channelweb.ChannelWebApplication:679
        x:() - The following profiles are active: dev
[2020-03-30 22:05:50.863] [restartedMain] [INFO] org.springframework.boot.devtools.env.DevToolsPropertyDefaultsPostProcessor:227
        x:() - Devtools property defaults active! Set 'spring.devtools.add-properties' to 'false' to disable
[2020-03-30 22:05:50.863] [restartedMain] [INFO] org.springframework.boot.devtools.env.DevToolsPropertyDefaultsPostProcessor:227
        x:() - For additional web related logging consider setting the 'logging.level.web' property to 'DEBUG'
[2020-03-30 22:05:51.977] [restartedMain] [INFO] org.springframework.boot.web.embedded.tomcat.TomcatWebServer:90
        x:() - Tomcat initialized with port(s): 8082 (http)
[2020-03-30 22:05:51.988] [restartedMain] [INFO] org.apache.coyote.http11.Http11NioProtocol:173
        x:() - Initializing ProtocolHandler ["http-nio-8082"]
[2020-03-30 22:05:51.994] [restartedMain] [INFO] org.apache.catalina.core.StandardService:173
        x:() - Starting service [Tomcat]
[2020-03-30 22:05:51.994] [restartedMain] [INFO] org.apache.catalina.core.StandardEngine:173
        x:() - Starting Servlet engine: [Apache Tomcat/9.0.16]
[2020-03-30 22:05:52.000] [restartedMain] [INFO] org.apache.catalina.core.AprLifecycleListener:173
        x:() - The APR based Apache Tomcat Native library which allows optimal performance in production environments was not found on the java.library.path: [E:\Program Files\Java\jdk1.8.0_131\bin;C:\Windows\Sun\Java\bin;C:\Windows\system32;C:\Windows;C:\ProgramData\Oracle\Java\javapath;C:\Windows\system32;C:\Windows;C:\Windows\System32\Wbem;C:\Windows\System32\WindowsPowerShell\v1.0\;C:\Windows\System32\OpenSSH\;C:\Program Files (x86)\NVIDIA Corporation\PhysX\Common;F:\soft\apache-maven-3.5.3\bin;E:\Program Files\Git\cmd;E:\Program Files\nodejs\;E:\Program Files\nodejs;C:\Program Files\MySQL\MySQL Server 8.0\bin;C:\Users\gyk\AppData\Local\Microsoft\WindowsApps;C:\Users\gyk\AppData\Roaming\npm;.]
[2020-03-30 22:05:52.099] [restartedMain] [INFO] org.apache.catalina.core.ContainerBase.[Tomcat].[localhost].[/]:173
        x:() - Initializing Spring embedded WebApplicationContext
[2020-03-30 22:05:52.100] [restartedMain] [INFO] org.springframework.web.context.ContextLoader:296
        x:() - Root WebApplicationContext: initialization completed in 1236 ms
[2020-03-30 22:05:52.133] [restartedMain] [INFO] org.springframework.boot.web.servlet.RegistrationBean:111
        x:() - Servlet statViewServlet was not registered (possibly already registered?)
[2020-03-30 22:05:52.179] [restartedMain] [INFO] com.alibaba.druid.spring.boot.autoconfigure.DruidDataSourceAutoConfigure:56
        x:() - Init DruidDataSource
[2020-03-30 22:05:52.351] [restartedMain] [INFO] com.alibaba.druid.pool.DruidDataSource:106
        x:() - {dataSource-1} inited
[2020-03-30 22:05:52.646] [restartedMain] [INFO] org.springframework.scheduling.concurrent.ThreadPoolTaskExecutor:171
        x:() - Initializing ExecutorService 'applicationTaskExecutor'
[2020-03-30 22:05:52.753] [restartedMain] [INFO] org.springframework.boot.autoconfigure.web.servlet.WelcomePageHandlerMapping:61
        x:() - Adding welcome page template: index
[2020-03-30 22:05:53.390] [restartedMain] [INFO] org.quartz.impl.StdSchedulerFactory:1172
        x:() - Using default implementation for ThreadExecutor
[2020-03-30 22:05:53.399] [restartedMain] [INFO] org.quartz.core.SchedulerSignalerImpl:61
        x:() - Initialized Scheduler Signaller of type: class org.quartz.core.SchedulerSignalerImpl
[2020-03-30 22:05:53.399] [restartedMain] [INFO] org.quartz.core.QuartzScheduler:240
        x:() - Quartz Scheduler v.2.2.3 created.
[2020-03-30 22:05:53.400] [restartedMain] [INFO] org.quartz.simpl.RAMJobStore:155
        x:() - RAMJobStore initialized.
[2020-03-30 22:05:53.400] [restartedMain] [INFO] org.quartz.core.QuartzScheduler:305
        x:() - Scheduler meta-data: Quartz Scheduler (v2.2.3) 'quartzScheduler' with instanceId 'NON_CLUSTERED'
  Scheduler class: 'org.quartz.core.QuartzScheduler' - running locally.
  NOT STARTED.
  Currently in standby mode.
  Number of jobs executed: 0
  Using thread pool 'org.quartz.simpl.SimpleThreadPool' - with 10 threads.
  Using job-store 'org.quartz.simpl.RAMJobStore' - which does not support persistence. and is not clustered.

[2020-03-30 22:05:53.401] [restartedMain] [INFO] org.quartz.impl.StdSchedulerFactory:1327
        x:() - Quartz scheduler 'quartzScheduler' initialized from an externally provided properties instance.
[2020-03-30 22:05:53.401] [restartedMain] [INFO] org.quartz.impl.StdSchedulerFactory:1331
        x:() - Quartz scheduler version: 2.2.3
[2020-03-30 22:05:53.401] [restartedMain] [INFO] org.quartz.core.QuartzScheduler:2311
        x:() - JobFactory set to: org.springframework.scheduling.quartz.SpringBeanJobFactory@30083cb8
[2020-03-30 22:05:53.406] [restartedMain] [INFO] org.springframework.scheduling.concurrent.ThreadPoolTaskScheduler:171
        x:() - Initializing ExecutorService 'taskScheduler'
[2020-03-30 22:05:53.459] [restartedMain] [INFO] org.springframework.boot.devtools.autoconfigure.OptionalLiveReloadServer:57
        x:() - LiveReload server is running on port 35729
[2020-03-30 22:05:53.479] [restartedMain] [INFO] org.springframework.scheduling.quartz.SchedulerFactoryBean:726
        x:() - Starting Quartz Scheduler now
[2020-03-30 22:05:53.479] [restartedMain] [INFO] org.quartz.core.QuartzScheduler:575
        x:() - Scheduler quartzScheduler_$_NON_CLUSTERED started.
[2020-03-30 22:05:53.486] [restartedMain] [INFO] org.apache.coyote.http11.Http11NioProtocol:173
        x:() - Starting ProtocolHandler ["http-nio-8082"]
[2020-03-30 22:05:53.502] [restartedMain] [INFO] org.springframework.boot.web.embedded.tomcat.TomcatWebServer:204
        x:() - Tomcat started on port(s): 8082 (http) with context path ''
[2020-03-30 22:05:53.505] [restartedMain] [INFO] com.gao.channelweb.ChannelWebApplication:59
        x:() - Started ChannelWebApplication in 3.191 seconds (JVM running for 4.657)
[2020-03-30 22:06:11.991] [http-nio-8082-exec-1] [INFO] org.apache.catalina.core.ContainerBase.[Tomcat].[localhost].[/]:173
        x:() - Initializing Spring DispatcherServlet 'dispatcherServlet'
[2020-03-30 22:06:11.991] [http-nio-8082-exec-1] [INFO] org.springframework.web.servlet.DispatcherServlet:524
        x:() - Initializing Servlet 'dispatcherServlet'
[2020-03-30 22:06:11.995] [http-nio-8082-exec-1] [INFO] org.springframework.web.servlet.DispatcherServlet:546
        x:() - Completed initialization in 4 ms
[2020-03-30 22:06:35.374] [http-nio-8082-exec-6] [INFO] com.gao.channelcore.business.service.UserService:66
        x:() - get token use time:21
[2020-03-30 22:08:24.655] [Thread-11] [INFO] org.quartz.core.QuartzScheduler:613
        x:() - Scheduler quartzScheduler_$_NON_CLUSTERED paused.
[2020-03-30 22:08:24.655] [Thread-11] [INFO] org.springframework.scheduling.concurrent.ThreadPoolTaskScheduler:208
        x:() - Shutting down ExecutorService 'taskScheduler'
[2020-03-30 22:08:24.655] [Thread-11] [INFO] org.springframework.scheduling.quartz.SchedulerFactoryBean:844
        x:() - Shutting down Quartz Scheduler
[2020-03-30 22:08:24.656] [Thread-11] [INFO] org.quartz.core.QuartzScheduler:694
        x:() - Scheduler quartzScheduler_$_NON_CLUSTERED shutting down.
[2020-03-30 22:08:24.656] [Thread-11] [INFO] org.quartz.core.QuartzScheduler:613
        x:() - Scheduler quartzScheduler_$_NON_CLUSTERED paused.
[2020-03-30 22:08:24.656] [Thread-11] [INFO] org.quartz.core.QuartzScheduler:771
        x:() - Scheduler quartzScheduler_$_NON_CLUSTERED shutdown complete.
[2020-03-30 22:08:24.657] [Thread-11] [INFO] org.springframework.scheduling.concurrent.ThreadPoolTaskExecutor:208
        x:() - Shutting down ExecutorService 'applicationTaskExecutor'
[2020-03-30 22:08:24.659] [Thread-11] [INFO] com.alibaba.druid.pool.DruidDataSource:106
        x:() - {dataSource-1} closed
[2020-03-30 22:08:25.117] [restartedMain] [INFO] com.gao.channelweb.ChannelWebApplication:50
        x:() - Starting ChannelWebApplication on gyk with PID 2144 (D:\ant-web\channel-web\target\classes started by gyk in D:\ant-web)
[2020-03-30 22:08:25.117] [restartedMain] [INFO] com.gao.channelweb.ChannelWebApplication:679
        x:() - The following profiles are active: dev
[2020-03-30 22:08:25.277] [restartedMain] [WARN] org.mybatis.spring.mapper.ClassPathMapperScanner:44
        x:() - No MyBatis mapper was found in '[com.gao.channelcore.business.dao]' package. Please check your configuration.
[2020-03-30 22:08:25.298] [restartedMain] [WARN] org.mybatis.spring.mapper.ClassPathMapperScanner:44
        x:() - No MyBatis mapper was found in '[com.gao.channelweb]' package. Please check your configuration.
[2020-03-30 22:08:25.399] [restartedMain] [INFO] org.springframework.boot.web.embedded.tomcat.TomcatWebServer:90
        x:() - Tomcat initialized with port(s): 8082 (http)
[2020-03-30 22:08:25.399] [restartedMain] [INFO] org.apache.coyote.http11.Http11NioProtocol:173
        x:() - Initializing ProtocolHandler ["http-nio-8082"]
[2020-03-30 22:08:25.400] [restartedMain] [INFO] org.apache.catalina.core.StandardService:173
        x:() - Starting service [Tomcat]
[2020-03-30 22:08:25.400] [restartedMain] [INFO] org.apache.catalina.core.StandardEngine:173
        x:() - Starting Servlet engine: [Apache Tomcat/9.0.16]
[2020-03-30 22:08:25.417] [restartedMain] [INFO] org.apache.catalina.core.ContainerBase.[Tomcat].[localhost].[/]:173
        x:() - Initializing Spring embedded WebApplicationContext
[2020-03-30 22:08:25.417] [restartedMain] [INFO] org.springframework.web.context.ContextLoader:296
        x:() - Root WebApplicationContext: initialization completed in 297 ms
[2020-03-30 22:08:25.430] [restartedMain] [INFO] org.springframework.boot.web.servlet.RegistrationBean:111
        x:() - Servlet statViewServlet was not registered (possibly already registered?)
[2020-03-30 22:08:25.433] [restartedMain] [WARN] org.springframework.boot.web.servlet.context.AnnotationConfigServletWebServerApplicationContext:557
        x:() - Exception encountered during context initialization - cancelling refresh attempt: org.springframework.beans.factory.BeanCreationException: Error creating bean with name 'menuController': Lookup method resolution failed; nested exception is java.lang.IllegalStateException: Failed to introspect Class [com.gao.channelweb.controller.MenuController] from ClassLoader [org.springframework.boot.devtools.restart.classloader.RestartClassLoader@3acd530d]
[2020-03-30 22:08:25.433] [restartedMain] [INFO] org.apache.catalina.core.StandardService:173
        x:() - Stopping service [Tomcat]
[2020-03-30 22:08:25.438] [restartedMain] [INFO] org.springframework.boot.autoconfigure.logging.ConditionEvaluationReportLoggingListener:142
        x:() - 

Error starting ApplicationContext. To display the conditions report re-run your application with 'debug' enabled.
[2020-03-30 22:08:25.445] [restartedMain] [ERROR] org.springframework.boot.SpringApplication:858
        x:() - Application run failed
org.springframework.beans.factory.BeanCreationException: Error creating bean with name 'menuController': Lookup method resolution failed; nested exception is java.lang.IllegalStateException: Failed to introspect Class [com.gao.channelweb.controller.MenuController] from ClassLoader [org.springframework.boot.devtools.restart.classloader.RestartClassLoader@3acd530d]
	at org.springframework.beans.factory.annotation.AutowiredAnnotationBeanPostProcessor.determineCandidateConstructors(AutowiredAnnotationBeanPostProcessor.java:265)
	at org.springframework.beans.factory.support.AbstractAutowireCapableBeanFactory.determineConstructorsFromBeanPostProcessors(AbstractAutowireCapableBeanFactory.java:1253)
	at org.springframework.beans.factory.support.AbstractAutowireCapableBeanFactory.createBeanInstance(AbstractAutowireCapableBeanFactory.java:1168)
	at org.springframework.beans.factory.support.AbstractAutowireCapableBeanFactory.doCreateBean(AbstractAutowireCapableBeanFactory.java:555)
	at org.springframework.beans.factory.support.AbstractAutowireCapableBeanFactory.createBean(AbstractAutowireCapableBeanFactory.java:515)
	at org.springframework.beans.factory.support.AbstractBeanFactory.lambda$doGetBean$0(AbstractBeanFactory.java:320)
	at org.springframework.beans.factory.support.DefaultSingletonBeanRegistry.getSingleton(DefaultSingletonBeanRegistry.java:222)
	at org.springframework.beans.factory.support.AbstractBeanFactory.doGetBean(AbstractBeanFactory.java:318)
	at org.springframework.beans.factory.support.AbstractBeanFactory.getBean(AbstractBeanFactory.java:199)
	at org.springframework.beans.factory.support.DefaultListableBeanFactory.preInstantiateSingletons(DefaultListableBeanFactory.java:849)
	at org.springframework.context.support.AbstractApplicationContext.finishBeanFactoryInitialization(AbstractApplicationContext.java:877)
	at org.springframework.context.support.AbstractApplicationContext.refresh(AbstractApplicationContext.java:549)
	at org.springframework.boot.web.servlet.context.ServletWebServerApplicationContext.refresh(ServletWebServerApplicationContext.java:142)
	at org.springframework.boot.SpringApplication.refresh(SpringApplication.java:775)
	at org.springframework.boot.SpringApplication.refreshContext(SpringApplication.java:397)
	at org.springframework.boot.SpringApplication.run(SpringApplication.java:316)
	at org.springframework.boot.SpringApplication.run(SpringApplication.java:1260)
	at org.springframework.boot.SpringApplication.run(SpringApplication.java:1248)
	at com.gao.channelweb.ChannelWebApplication.main(ChannelWebApplication.java:22)
	at sun.reflect.NativeMethodAccessorImpl.invoke0(Native Method)
	at sun.reflect.NativeMethodAccessorImpl.invoke(NativeMethodAccessorImpl.java:62)
	at sun.reflect.DelegatingMethodAccessorImpl.invoke(DelegatingMethodAccessorImpl.java:43)
	at java.lang.reflect.Method.invoke(Method.java:498)
	at org.springframework.boot.devtools.restart.RestartLauncher.run(RestartLauncher.java:49)
Caused by: java.lang.IllegalStateException: Failed to introspect Class [com.gao.channelweb.controller.MenuController] from ClassLoader [org.springframework.boot.devtools.restart.classloader.RestartClassLoader@3acd530d]
	at org.springframework.util.ReflectionUtils.getDeclaredMethods(ReflectionUtils.java:686)
	at org.springframework.util.ReflectionUtils.doWithMethods(ReflectionUtils.java:583)
	at org.springframework.util.ReflectionUtils.doWithMethods(ReflectionUtils.java:568)
	at org.springframework.beans.factory.annotation.AutowiredAnnotationBeanPostProcessor.determineCandidateConstructors(AutowiredAnnotationBeanPostProcessor.java:248)
	... 23 common frames omitted
Caused by: java.lang.NoClassDefFoundError: com/gao/channelcore/pojo/Menu
	at java.lang.Class.getDeclaredMethods0(Native Method)
	at java.lang.Class.privateGetDeclaredMethods(Class.java:2701)
	at java.lang.Class.getDeclaredMethods(Class.java:1975)
	at org.springframework.util.ReflectionUtils.getDeclaredMethods(ReflectionUtils.java:668)
	... 26 common frames omitted
Caused by: java.lang.ClassNotFoundException: com.gao.channelcore.pojo.Menu
	at java.net.URLClassLoader.findClass(URLClassLoader.java:381)
	at java.lang.ClassLoader.loadClass(ClassLoader.java:424)
	at sun.misc.Launcher$AppClassLoader.loadClass(Launcher.java:335)
	at java.lang.ClassLoader.loadClass(ClassLoader.java:357)
	at org.springframework.boot.devtools.restart.classloader.RestartClassLoader.loadClass(RestartClassLoader.java:148)
	at java.lang.ClassLoader.loadClass(ClassLoader.java:357)
	... 30 common frames omitted
