[2020-09-20 14:42:09.310] [restartedMain] [INFO] com.gao.channelweb.ChannelWebApplication:50
        x:() - Starting ChannelWebApplication on gyk with PID 13116 (D:\ant-web\channel-web\target\classes started by gyk in D:\ant-web)
[2020-09-20 14:42:09.310] [restartedMain] [INFO] com.gao.channelweb.ChannelWebApplication:679
        x:() - The following profiles are active: dev
[2020-09-20 14:42:09.370] [restartedMain] [INFO] org.springframework.boot.devtools.env.DevToolsPropertyDefaultsPostProcessor:227
        x:() - Devtools property defaults active! Set 'spring.devtools.add-properties' to 'false' to disable
[2020-09-20 14:42:09.370] [restartedMain] [INFO] org.springframework.boot.devtools.env.DevToolsPropertyDefaultsPostProcessor:227
        x:() - For additional web related logging consider setting the 'logging.level.web' property to 'DEBUG'
[2020-09-20 14:42:10.676] [restartedMain] [INFO] org.springframework.boot.web.embedded.tomcat.TomcatWebServer:90
        x:() - Tomcat initialized with port(s): 8082 (http)
[2020-09-20 14:42:10.692] [restartedMain] [INFO] org.apache.coyote.http11.Http11NioProtocol:173
        x:() - Initializing ProtocolHandler ["http-nio-8082"]
[2020-09-20 14:42:10.699] [restartedMain] [INFO] org.apache.catalina.core.StandardService:173
        x:() - Starting service [Tomcat]
[2020-09-20 14:42:10.700] [restartedMain] [INFO] org.apache.catalina.core.StandardEngine:173
        x:() - Starting Servlet engine: [Apache Tomcat/9.0.16]
[2020-09-20 14:42:10.707] [restartedMain] [INFO] org.apache.catalina.core.AprLifecycleListener:173
        x:() - The APR based Apache Tomcat Native library which allows optimal performance in production environments was not found on the java.library.path: [F:\soft\JDK8_64\bin;C:\Windows\Sun\Java\bin;C:\Windows\system32;C:\Windows;C:\Windows\system32;C:\Windows;C:\Windows\System32\Wbem;C:\Windows\System32\WindowsPowerShell\v1.0\;C:\Windows\System32\OpenSSH\;C:\Program Files (x86)\NVIDIA Corporation\PhysX\Common;F:\soft\apache-maven-3.5.3\bin;E:\Program Files\Git\cmd;E:\Program Files\nodejs\;E:\Program Files\nodejs;E:\Program Files\MySQL\MySQL Server 8.0\bin;F:\soft\JDK8_64\bin;C:\Users\gyk\AppData\Local\Microsoft\WindowsApps;C:\Users\gyk\AppData\Roaming\npm;.]
[2020-09-20 14:42:10.803] [restartedMain] [INFO] org.apache.catalina.core.ContainerBase.[Tomcat].[localhost].[/]:173
        x:() - Initializing Spring embedded WebApplicationContext
[2020-09-20 14:42:10.803] [restartedMain] [INFO] org.springframework.web.context.ContextLoader:296
        x:() - Root WebApplicationContext: initialization completed in 1432 ms
[2020-09-20 14:42:10.850] [restartedMain] [INFO] org.springframework.boot.web.servlet.RegistrationBean:111
        x:() - Servlet statViewServlet was not registered (possibly already registered?)
[2020-09-20 14:42:10.904] [restartedMain] [INFO] com.alibaba.druid.spring.boot.autoconfigure.DruidDataSourceAutoConfigure:56
        x:() - Init DruidDataSource
[2020-09-20 14:42:11.064] [restartedMain] [INFO] com.alibaba.druid.pool.DruidDataSource:106
        x:() - {dataSource-1} inited
[2020-09-20 14:42:11.440] [restartedMain] [INFO] org.springframework.scheduling.concurrent.ThreadPoolTaskExecutor:171
        x:() - Initializing ExecutorService 'applicationTaskExecutor'
[2020-09-20 14:42:11.584] [restartedMain] [INFO] org.springframework.boot.autoconfigure.web.servlet.WelcomePageHandlerMapping:61
        x:() - Adding welcome page template: index
[2020-09-20 14:42:11.949] [restartedMain] [INFO] org.quartz.impl.StdSchedulerFactory:1172
        x:() - Using default implementation for ThreadExecutor
[2020-09-20 14:42:11.960] [restartedMain] [INFO] org.quartz.core.SchedulerSignalerImpl:61
        x:() - Initialized Scheduler Signaller of type: class org.quartz.core.SchedulerSignalerImpl
[2020-09-20 14:42:11.961] [restartedMain] [INFO] org.quartz.core.QuartzScheduler:240
        x:() - Quartz Scheduler v.2.2.3 created.
[2020-09-20 14:42:11.961] [restartedMain] [INFO] org.quartz.simpl.RAMJobStore:155
        x:() - RAMJobStore initialized.
[2020-09-20 14:42:11.962] [restartedMain] [INFO] org.quartz.core.QuartzScheduler:305
        x:() - Scheduler meta-data: Quartz Scheduler (v2.2.3) 'quartzScheduler' with instanceId 'NON_CLUSTERED'
  Scheduler class: 'org.quartz.core.QuartzScheduler' - running locally.
  NOT STARTED.
  Currently in standby mode.
  Number of jobs executed: 0
  Using thread pool 'org.quartz.simpl.SimpleThreadPool' - with 10 threads.
  Using job-store 'org.quartz.simpl.RAMJobStore' - which does not support persistence. and is not clustered.

[2020-09-20 14:42:11.962] [restartedMain] [INFO] org.quartz.impl.StdSchedulerFactory:1327
        x:() - Quartz scheduler 'quartzScheduler' initialized from an externally provided properties instance.
[2020-09-20 14:42:11.963] [restartedMain] [INFO] org.quartz.impl.StdSchedulerFactory:1331
        x:() - Quartz scheduler version: 2.2.3
[2020-09-20 14:42:11.963] [restartedMain] [INFO] org.quartz.core.QuartzScheduler:2311
        x:() - JobFactory set to: org.springframework.scheduling.quartz.SpringBeanJobFactory@42cf66a3
[2020-09-20 14:42:11.970] [restartedMain] [INFO] org.springframework.scheduling.concurrent.ThreadPoolTaskScheduler:171
        x:() - Initializing ExecutorService 'taskScheduler'
[2020-09-20 14:42:12.021] [restartedMain] [INFO] org.springframework.boot.devtools.autoconfigure.OptionalLiveReloadServer:57
        x:() - LiveReload server is running on port 35729
[2020-09-20 14:42:12.052] [restartedMain] [INFO] org.springframework.scheduling.quartz.SchedulerFactoryBean:726
        x:() - Starting Quartz Scheduler now
[2020-09-20 14:42:12.052] [restartedMain] [INFO] org.quartz.core.QuartzScheduler:575
        x:() - Scheduler quartzScheduler_$_NON_CLUSTERED started.
[2020-09-20 14:42:12.068] [restartedMain] [INFO] org.apache.coyote.http11.Http11NioProtocol:173
        x:() - Starting ProtocolHandler ["http-nio-8082"]
[2020-09-20 14:42:12.092] [restartedMain] [INFO] org.springframework.boot.web.embedded.tomcat.TomcatWebServer:204
        x:() - Tomcat started on port(s): 8082 (http) with context path ''
[2020-09-20 14:42:12.095] [restartedMain] [INFO] com.gao.channelweb.ChannelWebApplication:59
        x:() - Started ChannelWebApplication in 3.114 seconds (JVM running for 5.48)
[2020-09-20 14:44:17.983] [http-nio-8082-exec-1] [INFO] org.apache.catalina.core.ContainerBase.[Tomcat].[localhost].[/]:173
        x:() - Initializing Spring DispatcherServlet 'dispatcherServlet'
[2020-09-20 14:44:17.984] [http-nio-8082-exec-1] [INFO] org.springframework.web.servlet.DispatcherServlet:524
        x:() - Initializing Servlet 'dispatcherServlet'
[2020-09-20 14:44:17.991] [http-nio-8082-exec-1] [INFO] org.springframework.web.servlet.DispatcherServlet:546
        x:() - Completed initialization in 7 ms
[2020-09-20 14:44:21.137] [http-nio-8082-exec-5] [INFO] com.gao.channelcore.business.service.UserService:61
        x:() - get token use time:33
[2020-09-20 14:45:02.432] [http-nio-8082-exec-8] [INFO] com.gao.channelcore.business.service.UserService:61
        x:() - get token use time:3
[2020-09-20 15:44:28.317] [Thread-13] [INFO] org.quartz.core.QuartzScheduler:613
        x:() - Scheduler quartzScheduler_$_NON_CLUSTERED paused.
[2020-09-20 15:44:28.317] [Thread-13] [INFO] org.springframework.scheduling.concurrent.ThreadPoolTaskScheduler:208
        x:() - Shutting down ExecutorService 'taskScheduler'
[2020-09-20 15:44:28.317] [Thread-13] [INFO] org.springframework.scheduling.quartz.SchedulerFactoryBean:844
        x:() - Shutting down Quartz Scheduler
[2020-09-20 15:44:28.325] [Thread-13] [INFO] org.quartz.core.QuartzScheduler:694
        x:() - Scheduler quartzScheduler_$_NON_CLUSTERED shutting down.
[2020-09-20 15:44:28.325] [Thread-13] [INFO] org.quartz.core.QuartzScheduler:613
        x:() - Scheduler quartzScheduler_$_NON_CLUSTERED paused.
[2020-09-20 15:44:28.325] [Thread-13] [INFO] org.quartz.core.QuartzScheduler:771
        x:() - Scheduler quartzScheduler_$_NON_CLUSTERED shutdown complete.
[2020-09-20 15:44:28.325] [Thread-13] [INFO] org.springframework.scheduling.concurrent.ThreadPoolTaskExecutor:208
        x:() - Shutting down ExecutorService 'applicationTaskExecutor'
[2020-09-20 15:44:28.327] [Thread-13] [INFO] com.alibaba.druid.pool.DruidDataSource:106
        x:() - {dataSource-1} closed
[2020-09-20 15:48:49.247] [restartedMain] [INFO] com.gao.channelweb.ChannelWebApplication:50
        x:() - Starting ChannelWebApplication on gyk with PID 15252 (D:\ant-web\channel-web\target\classes started by gyk in D:\ant-web)
[2020-09-20 15:48:49.247] [restartedMain] [INFO] com.gao.channelweb.ChannelWebApplication:679
        x:() - The following profiles are active: dev
[2020-09-20 15:48:49.447] [restartedMain] [INFO] org.springframework.boot.devtools.env.DevToolsPropertyDefaultsPostProcessor:227
        x:() - Devtools property defaults active! Set 'spring.devtools.add-properties' to 'false' to disable
[2020-09-20 15:48:49.447] [restartedMain] [INFO] org.springframework.boot.devtools.env.DevToolsPropertyDefaultsPostProcessor:227
        x:() - For additional web related logging consider setting the 'logging.level.web' property to 'DEBUG'
[2020-09-20 15:48:50.657] [restartedMain] [INFO] org.springframework.boot.web.embedded.tomcat.TomcatWebServer:90
        x:() - Tomcat initialized with port(s): 8082 (http)
[2020-09-20 15:48:50.672] [restartedMain] [INFO] org.apache.coyote.http11.Http11NioProtocol:173
        x:() - Initializing ProtocolHandler ["http-nio-8082"]
[2020-09-20 15:48:50.677] [restartedMain] [INFO] org.apache.catalina.core.StandardService:173
        x:() - Starting service [Tomcat]
[2020-09-20 15:48:50.677] [restartedMain] [INFO] org.apache.catalina.core.StandardEngine:173
        x:() - Starting Servlet engine: [Apache Tomcat/9.0.16]
[2020-09-20 15:48:50.682] [restartedMain] [INFO] org.apache.catalina.core.AprLifecycleListener:173
        x:() - The APR based Apache Tomcat Native library which allows optimal performance in production environments was not found on the java.library.path: [F:\soft\JDK8_64\bin;C:\Windows\Sun\Java\bin;C:\Windows\system32;C:\Windows;C:\Windows\system32;C:\Windows;C:\Windows\System32\Wbem;C:\Windows\System32\WindowsPowerShell\v1.0\;C:\Windows\System32\OpenSSH\;C:\Program Files (x86)\NVIDIA Corporation\PhysX\Common;F:\soft\apache-maven-3.5.3\bin;E:\Program Files\Git\cmd;E:\Program Files\nodejs\;E:\Program Files\nodejs;E:\Program Files\MySQL\MySQL Server 8.0\bin;F:\soft\JDK8_64\bin;C:\Users\gyk\AppData\Local\Microsoft\WindowsApps;C:\Users\gyk\AppData\Roaming\npm;.]
[2020-09-20 15:48:50.847] [restartedMain] [INFO] org.apache.catalina.core.ContainerBase.[Tomcat].[localhost].[/]:173
        x:() - Initializing Spring embedded WebApplicationContext
[2020-09-20 15:48:50.847] [restartedMain] [INFO] org.springframework.web.context.ContextLoader:296
        x:() - Root WebApplicationContext: initialization completed in 1400 ms
[2020-09-20 15:48:50.877] [restartedMain] [INFO] org.springframework.boot.web.servlet.RegistrationBean:111
        x:() - Servlet statViewServlet was not registered (possibly already registered?)
[2020-09-20 15:48:51.212] [restartedMain] [INFO] com.alibaba.druid.pool.DruidDataSource:106
        x:() - {dataSource-1} inited
[2020-09-20 15:48:51.242] [restartedMain] [INFO] com.alibaba.druid.pool.DruidDataSource:106
        x:() - {dataSource-2} inited
[2020-09-20 15:48:51.242] [restartedMain] [INFO] com.gao.channelcore.business.masterSlave.ShardingDataSourceConfig:36
        x:() - masterSlaveDataSource config complete
[2020-09-20 15:48:51.587] [restartedMain] [INFO] org.springframework.scheduling.concurrent.ThreadPoolTaskExecutor:171
        x:() - Initializing ExecutorService 'applicationTaskExecutor'
[2020-09-20 15:48:51.707] [restartedMain] [INFO] org.springframework.boot.autoconfigure.web.servlet.WelcomePageHandlerMapping:61
        x:() - Adding welcome page template: index
[2020-09-20 15:48:51.857] [restartedMain] [INFO] org.quartz.impl.StdSchedulerFactory:1172
        x:() - Using default implementation for ThreadExecutor
[2020-09-20 15:48:51.867] [restartedMain] [INFO] org.quartz.core.SchedulerSignalerImpl:61
        x:() - Initialized Scheduler Signaller of type: class org.quartz.core.SchedulerSignalerImpl
[2020-09-20 15:48:51.867] [restartedMain] [INFO] org.quartz.core.QuartzScheduler:240
        x:() - Quartz Scheduler v.2.2.3 created.
[2020-09-20 15:48:51.867] [restartedMain] [INFO] org.quartz.simpl.RAMJobStore:155
        x:() - RAMJobStore initialized.
[2020-09-20 15:48:51.877] [restartedMain] [INFO] org.quartz.core.QuartzScheduler:305
        x:() - Scheduler meta-data: Quartz Scheduler (v2.2.3) 'quartzScheduler' with instanceId 'NON_CLUSTERED'
  Scheduler class: 'org.quartz.core.QuartzScheduler' - running locally.
  NOT STARTED.
  Currently in standby mode.
  Number of jobs executed: 0
  Using thread pool 'org.quartz.simpl.SimpleThreadPool' - with 10 threads.
  Using job-store 'org.quartz.simpl.RAMJobStore' - which does not support persistence. and is not clustered.

[2020-09-20 15:48:51.877] [restartedMain] [INFO] org.quartz.impl.StdSchedulerFactory:1327
        x:() - Quartz scheduler 'quartzScheduler' initialized from an externally provided properties instance.
[2020-09-20 15:48:51.877] [restartedMain] [INFO] org.quartz.impl.StdSchedulerFactory:1331
        x:() - Quartz scheduler version: 2.2.3
[2020-09-20 15:48:51.877] [restartedMain] [INFO] org.quartz.core.QuartzScheduler:2311
        x:() - JobFactory set to: org.springframework.scheduling.quartz.SpringBeanJobFactory@293d6d70
[2020-09-20 15:48:51.877] [restartedMain] [INFO] org.springframework.scheduling.concurrent.ThreadPoolTaskScheduler:171
        x:() - Initializing ExecutorService 'taskScheduler'
[2020-09-20 15:48:51.967] [restartedMain] [INFO] org.springframework.boot.devtools.autoconfigure.OptionalLiveReloadServer:57
        x:() - LiveReload server is running on port 35729
[2020-09-20 15:48:51.987] [restartedMain] [INFO] org.springframework.scheduling.quartz.SchedulerFactoryBean:726
        x:() - Starting Quartz Scheduler now
[2020-09-20 15:48:51.987] [restartedMain] [INFO] org.quartz.core.QuartzScheduler:575
        x:() - Scheduler quartzScheduler_$_NON_CLUSTERED started.
[2020-09-20 15:48:51.997] [restartedMain] [INFO] org.apache.coyote.http11.Http11NioProtocol:173
        x:() - Starting ProtocolHandler ["http-nio-8082"]
[2020-09-20 15:48:52.017] [restartedMain] [INFO] org.springframework.boot.web.embedded.tomcat.TomcatWebServer:204
        x:() - Tomcat started on port(s): 8082 (http) with context path ''
[2020-09-20 15:48:52.017] [restartedMain] [INFO] com.gao.channelweb.ChannelWebApplication:59
        x:() - Started ChannelWebApplication in 3.09 seconds (JVM running for 4.484)
[2020-09-20 15:49:14.238] [http-nio-8082-exec-2] [INFO] org.apache.catalina.core.ContainerBase.[Tomcat].[localhost].[/]:173
        x:() - Initializing Spring DispatcherServlet 'dispatcherServlet'
[2020-09-20 15:49:14.238] [http-nio-8082-exec-2] [INFO] org.springframework.web.servlet.DispatcherServlet:524
        x:() - Initializing Servlet 'dispatcherServlet'
[2020-09-20 15:49:14.244] [http-nio-8082-exec-2] [INFO] org.springframework.web.servlet.DispatcherServlet:546
        x:() - Completed initialization in 6 ms
[2020-09-20 15:49:16.395] [http-nio-8082-exec-1] [INFO] com.gao.channelcore.business.service.UserService:61
        x:() - get token use time:45
[2020-09-20 16:27:59.380] [Thread-13] [INFO] org.quartz.core.QuartzScheduler:613
        x:() - Scheduler quartzScheduler_$_NON_CLUSTERED paused.
[2020-09-20 16:27:59.381] [Thread-13] [INFO] org.springframework.scheduling.concurrent.ThreadPoolTaskScheduler:208
        x:() - Shutting down ExecutorService 'taskScheduler'
[2020-09-20 16:27:59.381] [Thread-13] [INFO] org.springframework.scheduling.quartz.SchedulerFactoryBean:844
        x:() - Shutting down Quartz Scheduler
[2020-09-20 16:27:59.381] [Thread-13] [INFO] org.quartz.core.QuartzScheduler:694
        x:() - Scheduler quartzScheduler_$_NON_CLUSTERED shutting down.
[2020-09-20 16:27:59.381] [Thread-13] [INFO] org.quartz.core.QuartzScheduler:613
        x:() - Scheduler quartzScheduler_$_NON_CLUSTERED paused.
[2020-09-20 16:27:59.382] [Thread-13] [INFO] org.quartz.core.QuartzScheduler:771
        x:() - Scheduler quartzScheduler_$_NON_CLUSTERED shutdown complete.
[2020-09-20 16:27:59.382] [Thread-13] [INFO] org.springframework.scheduling.concurrent.ThreadPoolTaskExecutor:208
        x:() - Shutting down ExecutorService 'applicationTaskExecutor'
[2020-09-20 16:27:59.384] [Thread-13] [INFO] com.alibaba.druid.pool.DruidDataSource:106
        x:() - {dataSource-1} closed
[2020-09-20 16:27:59.385] [Thread-13] [INFO] com.alibaba.druid.pool.DruidDataSource:106
        x:() - {dataSource-2} closed
[2020-09-20 16:28:02.815] [restartedMain] [INFO] com.gao.channelweb.ChannelWebApplication:50
        x:() - Starting ChannelWebApplication on gyk with PID 4956 (D:\ant-web\channel-web\target\classes started by gyk in D:\ant-web)
[2020-09-20 16:28:02.817] [restartedMain] [INFO] com.gao.channelweb.ChannelWebApplication:679
        x:() - The following profiles are active: dev
[2020-09-20 16:28:03.007] [restartedMain] [INFO] org.springframework.boot.devtools.env.DevToolsPropertyDefaultsPostProcessor:227
        x:() - Devtools property defaults active! Set 'spring.devtools.add-properties' to 'false' to disable
[2020-09-20 16:28:03.007] [restartedMain] [INFO] org.springframework.boot.devtools.env.DevToolsPropertyDefaultsPostProcessor:227
        x:() - For additional web related logging consider setting the 'logging.level.web' property to 'DEBUG'
[2020-09-20 16:28:04.207] [restartedMain] [INFO] org.springframework.boot.web.embedded.tomcat.TomcatWebServer:90
        x:() - Tomcat initialized with port(s): 8082 (http)
[2020-09-20 16:28:04.219] [restartedMain] [INFO] org.apache.coyote.http11.Http11NioProtocol:173
        x:() - Initializing ProtocolHandler ["http-nio-8082"]
[2020-09-20 16:28:04.226] [restartedMain] [INFO] org.apache.catalina.core.StandardService:173
        x:() - Starting service [Tomcat]
[2020-09-20 16:28:04.226] [restartedMain] [INFO] org.apache.catalina.core.StandardEngine:173
        x:() - Starting Servlet engine: [Apache Tomcat/9.0.16]
[2020-09-20 16:28:04.232] [restartedMain] [INFO] org.apache.catalina.core.AprLifecycleListener:173
        x:() - The APR based Apache Tomcat Native library which allows optimal performance in production environments was not found on the java.library.path: [F:\soft\JDK8_64\bin;C:\Windows\Sun\Java\bin;C:\Windows\system32;C:\Windows;C:\Windows\system32;C:\Windows;C:\Windows\System32\Wbem;C:\Windows\System32\WindowsPowerShell\v1.0\;C:\Windows\System32\OpenSSH\;C:\Program Files (x86)\NVIDIA Corporation\PhysX\Common;F:\soft\apache-maven-3.5.3\bin;E:\Program Files\Git\cmd;E:\Program Files\nodejs\;E:\Program Files\nodejs;E:\Program Files\MySQL\MySQL Server 8.0\bin;F:\soft\JDK8_64\bin;C:\Users\gyk\AppData\Local\Microsoft\WindowsApps;C:\Users\gyk\AppData\Roaming\npm;.]
[2020-09-20 16:28:04.383] [restartedMain] [INFO] org.apache.catalina.core.ContainerBase.[Tomcat].[localhost].[/]:173
        x:() - Initializing Spring embedded WebApplicationContext
[2020-09-20 16:28:04.383] [restartedMain] [INFO] org.springframework.web.context.ContextLoader:296
        x:() - Root WebApplicationContext: initialization completed in 1376 ms
[2020-09-20 16:28:04.417] [restartedMain] [INFO] org.springframework.boot.web.servlet.RegistrationBean:111
        x:() - Servlet statViewServlet was not registered (possibly already registered?)
[2020-09-20 16:28:04.751] [restartedMain] [INFO] com.alibaba.druid.pool.DruidDataSource:106
        x:() - {dataSource-1} inited
[2020-09-20 16:28:04.777] [restartedMain] [INFO] com.alibaba.druid.pool.DruidDataSource:106
        x:() - {dataSource-2} inited
[2020-09-20 16:28:04.779] [restartedMain] [INFO] com.gao.channelcore.business.masterSlave.ShardingDataSourceConfig:36
        x:() - masterSlaveDataSource config complete
[2020-09-20 16:28:05.128] [restartedMain] [INFO] org.springframework.scheduling.concurrent.ThreadPoolTaskExecutor:171
        x:() - Initializing ExecutorService 'applicationTaskExecutor'
[2020-09-20 16:28:05.276] [restartedMain] [INFO] org.springframework.boot.autoconfigure.web.servlet.WelcomePageHandlerMapping:61
        x:() - Adding welcome page template: index
[2020-09-20 16:28:05.426] [restartedMain] [INFO] org.quartz.impl.StdSchedulerFactory:1172
        x:() - Using default implementation for ThreadExecutor
[2020-09-20 16:28:05.453] [restartedMain] [INFO] org.quartz.core.SchedulerSignalerImpl:61
        x:() - Initialized Scheduler Signaller of type: class org.quartz.core.SchedulerSignalerImpl
[2020-09-20 16:28:05.454] [restartedMain] [INFO] org.quartz.core.QuartzScheduler:240
        x:() - Quartz Scheduler v.2.2.3 created.
[2020-09-20 16:28:05.454] [restartedMain] [INFO] org.quartz.simpl.RAMJobStore:155
        x:() - RAMJobStore initialized.
[2020-09-20 16:28:05.455] [restartedMain] [INFO] org.quartz.core.QuartzScheduler:305
        x:() - Scheduler meta-data: Quartz Scheduler (v2.2.3) 'quartzScheduler' with instanceId 'NON_CLUSTERED'
  Scheduler class: 'org.quartz.core.QuartzScheduler' - running locally.
  NOT STARTED.
  Currently in standby mode.
  Number of jobs executed: 0
  Using thread pool 'org.quartz.simpl.SimpleThreadPool' - with 10 threads.
  Using job-store 'org.quartz.simpl.RAMJobStore' - which does not support persistence. and is not clustered.

[2020-09-20 16:28:05.455] [restartedMain] [INFO] org.quartz.impl.StdSchedulerFactory:1327
        x:() - Quartz scheduler 'quartzScheduler' initialized from an externally provided properties instance.
[2020-09-20 16:28:05.455] [restartedMain] [INFO] org.quartz.impl.StdSchedulerFactory:1331
        x:() - Quartz scheduler version: 2.2.3
[2020-09-20 16:28:05.455] [restartedMain] [INFO] org.quartz.core.QuartzScheduler:2311
        x:() - JobFactory set to: org.springframework.scheduling.quartz.SpringBeanJobFactory@77b0ba0a
[2020-09-20 16:28:05.462] [restartedMain] [INFO] org.springframework.scheduling.concurrent.ThreadPoolTaskScheduler:171
        x:() - Initializing ExecutorService 'taskScheduler'
[2020-09-20 16:28:05.523] [restartedMain] [INFO] org.springframework.boot.devtools.autoconfigure.OptionalLiveReloadServer:57
        x:() - LiveReload server is running on port 35729
[2020-09-20 16:28:05.545] [restartedMain] [INFO] org.springframework.scheduling.quartz.SchedulerFactoryBean:726
        x:() - Starting Quartz Scheduler now
[2020-09-20 16:28:05.546] [restartedMain] [INFO] org.quartz.core.QuartzScheduler:575
        x:() - Scheduler quartzScheduler_$_NON_CLUSTERED started.
[2020-09-20 16:28:05.555] [restartedMain] [INFO] org.apache.coyote.http11.Http11NioProtocol:173
        x:() - Starting ProtocolHandler ["http-nio-8082"]
[2020-09-20 16:28:05.582] [restartedMain] [INFO] org.springframework.boot.web.embedded.tomcat.TomcatWebServer:204
        x:() - Tomcat started on port(s): 8082 (http) with context path ''
[2020-09-20 16:28:05.586] [restartedMain] [INFO] com.gao.channelweb.ChannelWebApplication:59
        x:() - Started ChannelWebApplication in 3.103 seconds (JVM running for 4.429)
[2020-09-20 16:28:11.202] [http-nio-8082-exec-1] [INFO] org.apache.catalina.core.ContainerBase.[Tomcat].[localhost].[/]:173
        x:() - Initializing Spring DispatcherServlet 'dispatcherServlet'
[2020-09-20 16:28:11.202] [http-nio-8082-exec-1] [INFO] org.springframework.web.servlet.DispatcherServlet:524
        x:() - Initializing Servlet 'dispatcherServlet'
[2020-09-20 16:28:11.208] [http-nio-8082-exec-1] [INFO] org.springframework.web.servlet.DispatcherServlet:546
        x:() - Completed initialization in 6 ms
